<?xml version="1.0" encoding="UTF-8"?>
<testsuite xmlns:xsi="http://www.w3.org/2001/XMLSchema-instance" xsi:noNamespaceSchemaLocation="https://maven.apache.org/surefire/maven-surefire-plugin/xsd/surefire-test-report.xsd" name="ru.netology.domain.RadioTest" time="0.095" tests="32" errors="0" skipped="0" failures="0">
  <properties>
[...]
</properties>
  <testcase name="shouldPrevStationOverMaximum" classname="ru.netology.domain.RadioTest" time="0.038"/>
  <testcase name="shouldNextStationInRangeDefault" classname="ru.netology.domain.RadioTest" time="0"/>
  <testcase name="shouldSetStationUnderMinimum" classname="ru.netology.domain.RadioTest" time="0.001"/>
  <testcase name="shouldIncreaseVolumeInRange" classname="ru.netology.domain.RadioTest" time="0.001"/>
  <testcase name="shouldSetStationInRangeDefault" classname="ru.netology.domain.RadioTest" time="0.001"/>
  <testcase name="shouldSetStationOnMaximumDefault" classname="ru.netology.domain.RadioTest" time="0.001"/>
  <testcase name="shouldPrevStationOnMaximumDefault" classname="ru.netology.domain.RadioTest" time="0.001"/>
  <testcase name="shouldSetStationOverMaximumDefault" classname="ru.netology.domain.RadioTest" time="0.001"/>
  <testcase name="shouldPrevStationOnMinimumDefault" classname="ru.netology.domain.RadioTest" time="0"/>
  <testcase name="shouldPrevStationInRange" classname="ru.netology.domain.RadioTest" time="0"/>
  <testcase name="shouldNextStationOnMaximum" classname="ru.netology.domain.RadioTest" time="0.001"/>
  <testcase name="shouldDecreaseVolumeOnMaximum" classname="ru.netology.domain.RadioTest" time="0"/>
  <testcase name="shouldNextStationOnMinimum" classname="ru.netology.domain.RadioTest" time="0.001"/>
  <testcase name="shouldDecreaseVolumeOnMinimum" classname="ru.netology.domain.RadioTest" time="0"/>
  <testcase name="shouldPrevStationInRangeDefault" classname="ru.netology.domain.RadioTest" time="0.001"/>
  <testcase name="shouldNextStationOnMaximumDefault" classname="ru.netology.domain.RadioTest" time="0.002"/>
  <testcase name="shouldIncreaseVolumeOnMaximum" classname="ru.netology.domain.RadioTest" time="0.001"/>
  <testcase name="shouldSetStationOnMaximum" classname="ru.netology.domain.RadioTest" time="0.001"/>
  <testcase name="shouldIncreaseVolumeOnMinimum" classname="ru.netology.domain.RadioTest" time="0.001"/>
  <testcase name="shouldSetStationOnMinimum" classname="ru.netology.domain.RadioTest" time="0.001"/>
  <testcase name="shouldSetVolumeOverMaximum" classname="ru.netology.domain.RadioTest" time="0.001"/>
  <testcase name="shouldPrevStationOverMaximumDefault" classname="ru.netology.domain.RadioTest" time="0"/>
  <testcase name="shouldSetVolumeInRange" classname="ru.netology.domain.RadioTest" time="0"/>
  <testcase name="shouldSetStationOverMaximum" classname="ru.netology.domain.RadioTest" time="0"/>
  <testcase name="shouldPrevStationOnMaximum" classname="ru.netology.domain.RadioTest" time="0"/>
  <testcase name="shouldSetVolumeOnMaximum" classname="ru.netology.domain.RadioTest" time="0"/>
  <testcase name="shouldDecreaseVolumeInRange" classname="ru.netology.domain.RadioTest" time="0"/>
  <testcase name="shouldPrevStationOnMinimum" classname="ru.netology.domain.RadioTest" time="0"/>
  <testcase name="shouldNextStationInRange" classname="ru.netology.domain.RadioTest" time="0.008"/>
  <testcase name="shouldSetVolumeOnMinimum" classname="ru.netology.domain.RadioTest" time="0"/>
  <testcase name="shouldSetVolumeUnderMinimum" classname="ru.netology.domain.RadioTest" time="0"/>
  <testcase name="shouldSetStationInRange" classname="ru.netology.domain.RadioTest" time="0"/>
</testsuite>